C51 COMPILER V9.60.7.0   PROJECT                                                           07/09/2024 21:15:45 PAGE 1   


C51 COMPILER V9.60.7.0, COMPILATION OF MODULE PROJECT
OBJECT MODULE PLACED IN .\Objects\project.obj
COMPILER INVOKED BY: E:\Keil_v5\C51\BIN\C51.EXE project.c OPTIMIZE(8,SPEED) BROWSE DEBUG OBJECTEXTEND PRINT(.\Listings\p
                    -roject.lst) TABS(2) OBJECT(.\Objects\project.obj)

line level    source

   1          #include <at89c51RC2.h>
   2          void main()
   3          {
   4   1        if(P3_0==0) P2_0=0;
   5   1        else P2_0=1;
   6   1      }


MODULE INFORMATION:   STATIC OVERLAYABLE
   CODE SIZE        =      9    ----
   CONSTANT SIZE    =   ----    ----
   XDATA SIZE       =   ----    ----
   PDATA SIZE       =   ----    ----
   DATA SIZE        =   ----    ----
   IDATA SIZE       =   ----    ----
   BIT SIZE         =   ----    ----
END OF MODULE INFORMATION.


C51 COMPILATION COMPLETE.  0 WARNING(S),  0 ERROR(S)
