C51 COMPILER V9.60.7.0   MAIN                                                              07/11/2024 22:39:21 PAGE 1   


C51 COMPILER V9.60.7.0, COMPILATION OF MODULE MAIN
OBJECT MODULE PLACED IN .\Objects\main.obj
COMPILER INVOKED BY: E:\Keil_v5\C51\BIN\C51.EXE main.c OPTIMIZE(8,SPEED) BROWSE DEBUG OBJECTEXTEND PRINT(.\Listings\main
                    -.lst) TABS(2) OBJECT(.\Objects\main.obj)

line level    source

   1          #include <at89c51RC2.h>
   2          #include <INTRINS.H>
   3          void Delay(xms)   //@11.0592MHz
   4          {
   5   1        unsigned char i, j;
   6   1        _nop_();
   7   1        while(xms)
   8   1        {
   9   2          i = 2;
  10   2          j = 199;
  11   2          do
  12   2          {
  13   3            while (--j);
  14   3          } while (--i);
  15   2          xms--;
  16   2        }
  17   1      }
  18          unsigned char NixieTable[]={0x3F,0x06,0x5B,0x4F,0x66,0x6D,0x7D,0x07,0x7F,0x6F,0x77,0x7C,0x39,0x5E,0x79,0x7
             -1,0x00};
  19          void Nixie(unsigned char LED,Number)
  20          {
  21   1        switch(LED)
  22   1        {  
  23   2          case 1: P2_4=0;P2_3=0;P2_2=0;break;
  24   2          case 2: P2_4=0;P2_3=0;P2_2=1;break;
  25   2          case 3: P2_4=0;P2_3=1;P2_2=0;break;
  26   2          case 4: P2_4=0;P2_3=1;P2_2=1;break;
  27   2          case 5: P2_4=1;P2_3=0;P2_2=0;break;
  28   2          case 6: P2_4=1;P2_3=0;P2_2=1;break;
  29   2          case 7: P2_4=1;P2_3=1;P2_2=0;break;
  30   2          case 8: P2_4=1;P2_3=1;P2_2=1;break;
  31   2        }
  32   1        P0=NixieTable[Number];
  33   1        
  34   1        P0=0x00;
  35   1      } 
  36          void main()
  37          {
  38   1        while(1)
  39   1        {
  40   2          Nixie(8,1);
  41   2          Nixie(7,2);
  42   2          Nixie(6,3);
  43   2        }
  44   1      }


MODULE INFORMATION:   STATIC OVERLAYABLE
   CODE SIZE        =    144    ----
   CONSTANT SIZE    =   ----    ----
   XDATA SIZE       =   ----    ----
   PDATA SIZE       =   ----    ----
   DATA SIZE        =     17    ----
   IDATA SIZE       =   ----    ----
C51 COMPILER V9.60.7.0   MAIN                                                              07/11/2024 22:39:21 PAGE 2   

   BIT SIZE         =   ----    ----
END OF MODULE INFORMATION.


C51 COMPILATION COMPLETE.  0 WARNING(S),  0 ERROR(S)
