C51 COMPILER V9.60.7.0   MAIN                                                              07/15/2024 15:03:39 PAGE 1   


C51 COMPILER V9.60.7.0, COMPILATION OF MODULE MAIN
OBJECT MODULE PLACED IN .\Objects\main.obj
COMPILER INVOKED BY: E:\Keil_v5\C51\BIN\C51.EXE main.c OPTIMIZE(8,SPEED) BROWSE DEBUG OBJECTEXTEND PRINT(.\Listings\main
                    -.lst) TABS(2) OBJECT(.\Objects\main.obj)

line level    source

   1          #include <at89c51RC2.h>
   2          #include <Delay.h>
   3          #include <LCD1602.h>
   4          #include <MatriKey.h>
*** WARNING C318 IN LINE 4 OF main.c: can't open file 'MatriKey.h'
   5          
   6          unsigned char KeyNum;
   7          unsigned int True_Password=2470,Password=0,Count=0;
   8          void main()
   9          {
  10   1        LCD_Init();
  11   1        LCD_ShowString(1,1,"Password:");
  12   1        while(1)
  13   1        {
  14   2          KeyNum=MatrixKey();
*** WARNING C206 IN LINE 14 OF main.c: 'MatrixKey': missing function-prototype
  15   2          if(KeyNum>=0 && KeyNum<=9 && Count<4)
  16   2          {
  17   3            Password*=10;                 //密码左移一位
  18   3            Password+=KeyNum%10;      //获取一位密码
  19   3            Count++;
  20   3            LCD_ShowNum(2,1,Password,4);  //设置四位密码
  21   3          }
  22   2          if(KeyNum==10)
  23   2          {
  24   3            if(Password==True_Password) LCD_ShowString(1,11,"RIGHT");
  25   3            else 
  26   3            {
  27   4              LCD_ShowString(1,11,"ERROR");
  28   4              Delay(1000);
  29   4              Password=0;                     //密码清零
  30   4              Count=0;                        //计次清零
  31   4              LCD_ShowNum(2,1,Password,4);
  32   4              LCD_ShowString(1,11,"AGAIN");   //清空显示ERROR
  33   4            }
  34   3          }
  35   2          if(KeyNum==11)
  36   2          {
  37   3              Password=0;                     //密码清零
  38   3              Count=0;                        //计次清零
  39   3              LCD_ShowNum(2,1,Password,4);
  40   3          }
  41   2        }
  42   1      }


MODULE INFORMATION:   STATIC OVERLAYABLE
   CODE SIZE        =    214    ----
   CONSTANT SIZE    =     28    ----
   XDATA SIZE       =   ----    ----
   PDATA SIZE       =   ----    ----
   DATA SIZE        =      7    ----
   IDATA SIZE       =   ----    ----
   BIT SIZE         =   ----    ----
C51 COMPILER V9.60.7.0   MAIN                                                              07/15/2024 15:03:39 PAGE 2   

END OF MODULE INFORMATION.


C51 COMPILATION COMPLETE.  2 WARNING(S),  0 ERROR(S)
