C51 COMPILER V9.60.7.0   MATRIXKEY                                                         07/15/2024 15:01:20 PAGE 1   


C51 COMPILER V9.60.7.0, COMPILATION OF MODULE MATRIXKEY
OBJECT MODULE PLACED IN .\Objects\MatrixKey.obj
COMPILER INVOKED BY: E:\Keil_v5\C51\BIN\C51.EXE MatrixKey.c OPTIMIZE(8,SPEED) BROWSE DEBUG OBJECTEXTEND PRINT(.\Listings
                    -\MatrixKey.lst) TABS(2) OBJECT(.\Objects\MatrixKey.obj)

line level    source

   1          #include <at89c51RC2.h>
   2          #include <Delay.h>
   3          /**
   4            * @brief çŸ©é˜µé”®ç›˜è¯»å–é”®ç›˜é”®ç 
   5            * @param æ— 
   6            * @retval  KeyNumberæœ¬äºº æŒ‰ä¸‹æŒ‰é”®çš„é”®ç å€¼
   7            å¦‚æœæŒ‰é”®æŒ‰ä¸‹ä¸æ”¾ï¼Œç¨‹åºä¼šåœç•™åœ¨å­å‡½æ•°,æ¾æ‰‹çš„ä¸€ç¬é—´ï¼Œè¿”å›æŒ‰é”®çš„é”®ç å€¼ï¼Œæ²
             -¡æœ‰æŒ‰é”®æŒ‰ä¸‹æ—¶ï¼Œè¿”å›W
   8            */
   9          
  10          unsigned char MatrixKey()
  11          {
  12   1        unsigned char KeyNumber="W";
*** WARNING C260 IN LINE 12 OF MatrixKey.c: '=': pointer truncation
  13   1        
  14   1        P1=0xFF;
  15   1        P1_3=0;
  16   1        if(P1_7==0){Delay(20);while(P1_7==0);Delay(20);KeyNumber=1;}
  17   1        if(P1_6==0){Delay(20);while(P1_6==0);Delay(20);KeyNumber=4;}
  18   1        if(P1_5==0){Delay(20);while(P1_5==0);Delay(20);KeyNumber=7;}
  19   1        if(P1_4==0){Delay(20);while(P1_5==0);Delay(20);KeyNumber=10;}
  20   1        
  21   1        P1=0xFF;
  22   1        P1_2=0;
  23   1        if(P1_7==0){Delay(20);while(P1_7==0);Delay(20);KeyNumber=2;}
  24   1        if(P1_6==0){Delay(20);while(P1_6==0);Delay(20);KeyNumber=5;}
  25   1        if(P1_5==0){Delay(20);while(P1_5==0);Delay(20);KeyNumber=8;}
  26   1        if(P1_4==0){Delay(20);while(P1_5==0);Delay(20);KeyNumber=0;}
  27   1        
  28   1        P1=0xFF;
  29   1        P1_1=0;
  30   1        if(P1_7==0){Delay(20);while(P1_7==0);Delay(20);KeyNumber=3;}
  31   1        if(P1_6==0){Delay(20);while(P1_6==0);Delay(20);KeyNumber=6;}
  32   1        if(P1_5==0){Delay(20);while(P1_5==0);Delay(20);KeyNumber=9;}
  33   1        if(P1_4==0){Delay(20);while(P1_5==0);Delay(20);KeyNumber=11;}
  34   1        
  35   1        return KeyNumber;
  36   1      }


MODULE INFORMATION:   STATIC OVERLAYABLE
   CODE SIZE        =    297    ----
   CONSTANT SIZE    =      2    ----
   XDATA SIZE       =   ----    ----
   PDATA SIZE       =   ----    ----
   DATA SIZE        =   ----       1
   IDATA SIZE       =   ----    ----
   BIT SIZE         =   ----    ----
END OF MODULE INFORMATION.


C51 COMPILATION COMPLETE.  1 WARNING(S),  0 ERROR(S)
