C51 COMPILER V9.60.7.0   MAIN                                                              07/17/2024 16:37:48 PAGE 1   


C51 COMPILER V9.60.7.0, COMPILATION OF MODULE MAIN
OBJECT MODULE PLACED IN .\Objects\main.obj
COMPILER INVOKED BY: E:\Keil_v5\C51\BIN\C51.EXE main.c OPTIMIZE(8,SPEED) BROWSE DEBUG OBJECTEXTEND PRINT(.\Listings\main
                    -.lst) TABS(2) OBJECT(.\Objects\main.obj)

line level    source

   1          #include <at89c51RC2.h>
   2          #include <LCD1602.h>
   3          #include <Timer0.h>
   4          
   5          unsigned char sec=57,min=59,hour=23;
   6          
   7          void main()
   8          {
   9   1        LCD_Init();
  10   1        Timer0_Init();
  11   1        
  12   1        LCD_ShowString(1,1,"Clock:");
  13   1        LCD_ShowString(2,1,"  :  :");
  14   1        
  15   1        while(1)
  16   1        {
  17   2          LCD_ShowNum(2,1,hour,2);
  18   2          LCD_ShowNum(2,4,min,2);
  19   2          LCD_ShowNum(2,7,sec,2);
  20   2          
  21   2        }
  22   1      }
  23          
  24          
  25          void Timer0_Routine() interrupt 1  //溢出时中断
  26          {
  27   1        static int T0Count;
  28   1        TL0 = 0x66;    
  29   1        TH0 = 0xFC;
  30   1        T0Count++;
  31   1        if(T0Count>=1000)
  32   1        {
  33   2          T0Count=0;
  34   2          sec++;             //秒数加1
  35   2          if(sec>=60)
  36   2          {
  37   3            sec=0;
  38   3            min++;
  39   3            if(min>=60)
  40   3            {
  41   4              min=0;
  42   4              hour++;
  43   4              if(hour>=24)
  44   4              {
  45   5                hour=0;
  46   5              }
  47   4            }
  48   3          }
  49   2        }   
  50   1      }


MODULE INFORMATION:   STATIC OVERLAYABLE
   CODE SIZE        =    152    ----
C51 COMPILER V9.60.7.0   MAIN                                                              07/17/2024 16:37:48 PAGE 2   

   CONSTANT SIZE    =     14    ----
   XDATA SIZE       =   ----    ----
   PDATA SIZE       =   ----    ----
   DATA SIZE        =      5    ----
   IDATA SIZE       =   ----    ----
   BIT SIZE         =   ----    ----
END OF MODULE INFORMATION.


C51 COMPILATION COMPLETE.  0 WARNING(S),  0 ERROR(S)
