C51 COMPILER V9.60.7.0   MAIN                                                              07/10/2024 21:03:05 PAGE 1   


C51 COMPILER V9.60.7.0, COMPILATION OF MODULE MAIN
OBJECT MODULE PLACED IN .\Objects\main.obj
COMPILER INVOKED BY: E:\Keil_v5\C51\BIN\C51.EXE main.c OPTIMIZE(8,SPEED) BROWSE DEBUG OBJECTEXTEND PRINT(.\Listings\main
                    -.lst) TABS(2) OBJECT(.\Objects\main.obj)

line level    source

   1          #include <at89c51RC2.h>
   2          #include <INTRINS.H>
   3          void Delay(xms)   //@11.0592MHz
   4          {
   5   1        unsigned char i, j;
   6   1        _nop_();
   7   1        while(xms)
   8   1        {
   9   2          i = 2;
  10   2          j = 199;
  11   2          do
  12   2          {
  13   3            while (--j);
  14   3          } while (--i);
  15   2          xms--;
  16   2        }
  17   1      }
  18          void main()
  19          {
  20   1        unsigned char LEDNum=0;
  21   1        P2=~0x01;
  22   1        while(1)
  23   1        {
  24   2          if(P3_1==0)
  25   2          {
  26   3            Delay(20);
  27   3            while(P3_1==0);
  28   3            Delay(20);
  29   3            if(LEDNum==0) LEDNum=7;
  30   3            else LEDNum--;
  31   3            P2 =~ (0x01<<LEDNum);
  32   3          }
  33   2          if(P3_0==0)
  34   2          {
  35   3            Delay(20);
  36   3            while(P3_0==0);
  37   3            Delay(20);
  38   3            LEDNum++;
  39   3            if(LEDNum>=8) LEDNum=0;
  40   3            P2 =~ (0x01<<LEDNum);
  41   3          }
  42   2        }
  43   1      }


MODULE INFORMATION:   STATIC OVERLAYABLE
   CODE SIZE        =    101    ----
   CONSTANT SIZE    =   ----    ----
   XDATA SIZE       =   ----    ----
   PDATA SIZE       =   ----    ----
   DATA SIZE        =   ----    ----
   IDATA SIZE       =   ----    ----
   BIT SIZE         =   ----    ----
END OF MODULE INFORMATION.

C51 COMPILER V9.60.7.0   MAIN                                                              07/10/2024 21:03:05 PAGE 2   


C51 COMPILATION COMPLETE.  0 WARNING(S),  0 ERROR(S)
