C51 COMPILER V9.60.7.0   MAIN                                                              07/17/2024 15:52:53 PAGE 1   


C51 COMPILER V9.60.7.0, COMPILATION OF MODULE MAIN
OBJECT MODULE PLACED IN .\Objects\main.obj
COMPILER INVOKED BY: E:\Keil_v5\C51\BIN\C51.EXE main.c OPTIMIZE(8,SPEED) BROWSE DEBUG OBJECTEXTEND PRINT(.\Listings\main
                    -.lst) TABS(2) OBJECT(.\Objects\main.obj)

line level    source

   1          #include <REGX52.h>
   2          #include <Timer0.h>
   3          #include <Key.h>
   4          #include <INTRINS.h>
   5          
   6          
   7          unsigned char KeyNum,LEDMod;
   8          
   9          void main()
  10          {
  11   1        P2=0xFE;
  12   1        Timer0_Init();
  13   1        while(1)
  14   1        {
  15   2          KeyNum=Key();
  16   2          if(KeyNum)
  17   2          {
  18   3            LEDMod++;
  19   3            if(LEDMod>=2) LEDMod=0;
  20   3          }
  21   2          
  22   2        }
  23   1      }
  24          
  25          void Timer0_Routine() interrupt 1  //溢出时中断
  26          {
  27   1        static int T0Count;
  28   1        TL0 = 0x66;    
  29   1        TH0 = 0xFC;
  30   1        T0Count++;
  31   1        if(T0Count>=1000)
  32   1        {
  33   2          T0Count=0;
  34   2          if(LEDMod==1) P2=_crol_(P2,1);  //循环左移一位
  35   2          if(LEDMod==0) P2=_cror_(P2,1);  //循环右移一位
  36   2        }   
  37   1      }


MODULE INFORMATION:   STATIC OVERLAYABLE
   CODE SIZE        =    115    ----
   CONSTANT SIZE    =   ----    ----
   XDATA SIZE       =   ----    ----
   PDATA SIZE       =   ----    ----
   DATA SIZE        =      4    ----
   IDATA SIZE       =   ----    ----
   BIT SIZE         =   ----    ----
END OF MODULE INFORMATION.


C51 COMPILATION COMPLETE.  0 WARNING(S),  0 ERROR(S)
