C51 COMPILER V9.60.7.0   TIMER0                                                            07/17/2024 15:17:56 PAGE 1   


C51 COMPILER V9.60.7.0, COMPILATION OF MODULE TIMER0
OBJECT MODULE PLACED IN .\Objects\Timer0.obj
COMPILER INVOKED BY: E:\Keil_v5\C51\BIN\C51.EXE Timer0.c OPTIMIZE(8,SPEED) BROWSE DEBUG OBJECTEXTEND PRINT(.\Listings\Ti
                    -mer0.lst) TABS(2) OBJECT(.\Objects\Timer0.obj)

line level    source

   1          #include <REGX52.h>
   2          
   3          /**
   4            * @brief 定时器0初始化，1毫秒@11.0592HZ
   5            * @param 无
   6            * @retval 无
   7            */
   8          void Timer0_Init()
   9          {
  10   1        
  11   1        //TMOD=0x01;      //0000 0001,选中定时器1，置为计时器状态
  12   1        TMOD=TMOD&0xF0;   //把TMOD的低四位清零，高四位保持不变
  13   1        TMOD=TMOD|0x01;   //把TMOD最低位置1，高四位保持不变
  14   1        TF0=0;            //将溢出中断标志清0
  15   1        TR0=1;            //开始计时
  16   1        TL0 = 0x66;       //设置定时初值
  17   1        TH0 = 0xFC;       //设置定时初值   
  18   1        ET0=1;
  19   1        EA=1;             //闭合两个总开关
  20   1        PT0=0;            //设置优先级为最低
  21   1      }
  22          
  23          /*定时器中断函数模板
  24          void Timer0_Routine() interrupt 1  //溢出时中断
  25          {
  26            static int T0Count;
  27            TL0 = 0x66;    
  28            TH0 = 0xFC;
  29            T0Count++;
  30            if(T0Count>=1000)
  31            {
  32              T0Count=0;
  33              
  34            }   
  35          }
  36          */


MODULE INFORMATION:   STATIC OVERLAYABLE
   CODE SIZE        =     23    ----
   CONSTANT SIZE    =   ----    ----
   XDATA SIZE       =   ----    ----
   PDATA SIZE       =   ----    ----
   DATA SIZE        =   ----    ----
   IDATA SIZE       =   ----    ----
   BIT SIZE         =   ----    ----
END OF MODULE INFORMATION.


C51 COMPILATION COMPLETE.  0 WARNING(S),  0 ERROR(S)
