C51 COMPILER V9.60.7.0   MAIN                                                              07/10/2024 16:49:38 PAGE 1   


C51 COMPILER V9.60.7.0, COMPILATION OF MODULE MAIN
OBJECT MODULE PLACED IN .\Objects\main.obj
COMPILER INVOKED BY: E:\Keil_v5\C51\BIN\C51.EXE main.c OPTIMIZE(8,SPEED) BROWSE DEBUG OBJECTEXTEND PRINT(.\Listings\main
                    -.lst) TABS(2) OBJECT(.\Objects\main.obj)

line level    source

   1          #include <at89c51RC2.h>
   2          #include <INTRINS.H>
   3          void Delay(xms)   //@11.0592MHz
   4          {
   5   1        unsigned char i, j;
   6   1        _nop_();
   7   1        while(xms)
   8   1        {
   9   2          i = 2;
  10   2          j = 199;
  11   2          do
  12   2          {
  13   3            while (--j);
  14   3          } while (--i);
  15   2          xms--;
  16   2        }
  17   1      }
  18          void main()
  19          {
  20   1        unsigned char LEDNum=0;
  21   1        while(1)
  22   1        {
  23   2          if(P3_1==0)
  24   2          {
  25   3            Delay(20);
  26   3            while(P3_1==0);
  27   3            Delay(20);
  28   3            LEDNum++;
  29   3            P2=~LEDNum;  
  30   3          }
  31   2        }
  32   1      }


MODULE INFORMATION:   STATIC OVERLAYABLE
   CODE SIZE        =     50    ----
   CONSTANT SIZE    =   ----    ----
   XDATA SIZE       =   ----    ----
   PDATA SIZE       =   ----    ----
   DATA SIZE        =   ----    ----
   IDATA SIZE       =   ----    ----
   BIT SIZE         =   ----    ----
END OF MODULE INFORMATION.


C51 COMPILATION COMPLETE.  0 WARNING(S),  0 ERROR(S)
