C51 COMPILER V9.60.7.0   MAIN                                                              07/09/2024 20:24:19 PAGE 1   


C51 COMPILER V9.60.7.0, COMPILATION OF MODULE MAIN
OBJECT MODULE PLACED IN .\Objects\main.obj
COMPILER INVOKED BY: E:\Keil_v5\C51\BIN\C51.EXE main.c OPTIMIZE(8,SPEED) BROWSE DEBUG OBJECTEXTEND PRINT(.\Listings\main
                    -.lst) TABS(2) OBJECT(.\Objects\main.obj)

line level    source

   1          #include <at89c51RC2.h>
   2          #include <INTRINS.H>
   3          void Delay(xms)   //@11.0592MHz
   4          {
   5   1        unsigned char i, j;
   6   1        _nop_();
   7   1        while(xms)
   8   1        {
   9   2          i = 2;
  10   2          j = 199;
  11   2          do
  12   2          {
  13   3            while (--j);
  14   3          } while (--i);
  15   2          xms--;
  16   2        }
  17   1      }
  18          void main()
  19          {
  20   1        while(1)
  21   1        {
  22   2          P2 = 0x7F;  //0111 1111
  23   2          Delay(100);
  24   2          P2 = 0xBF;  //1011 1111
  25   2          Delay(100);
  26   2          P2 = 0xDF;  //1101 1111
  27   2          Delay(100);
  28   2          P2 = 0xEF;  //1110 1111
  29   2          Delay(100);
  30   2          P2 = 0xF7;  //1111 0111
  31   2          Delay(100);
  32   2          P2 = 0xFB;  //1111 1011
  33   2          Delay(100);
  34   2          P2 = 0xFD;  //1111 1101
  35   2          Delay(100);
  36   2          P2 = 0xFE;  //1111 1110
  37   2          Delay(100);
  38   2        }
  39   1      }


MODULE INFORMATION:   STATIC OVERLAYABLE
   CODE SIZE        =     75    ----
   CONSTANT SIZE    =   ----    ----
   XDATA SIZE       =   ----    ----
   PDATA SIZE       =   ----    ----
   DATA SIZE        =   ----    ----
   IDATA SIZE       =   ----    ----
   BIT SIZE         =   ----    ----
END OF MODULE INFORMATION.


C51 COMPILATION COMPLETE.  0 WARNING(S),  0 ERROR(S)
